{
  "RSpec": {
    "coverage": {
      "/Users/lucybennell/Projects/bookmark_manager/app.rb": {
        "lines": [
          1,
          1,
          null,
          1,
          1,
          null,
          1,
          1,
          null,
          null,
          1,
          4,
          4,
          null,
          null,
          null,
          1,
          2,
          2,
          null,
          null,
          1,
          2,
          null,
          null,
          1,
          1,
          1,
          null,
          null,
          null,
          1,
          null
        ]
      },
      "/Users/lucybennell/Projects/bookmark_manager/lib/bookmark.rb": {
        "lines": [
          1,
          null,
          1,
          1,
          null,
          1,
          14,
          14,
          14,
          null,
          null,
          1,
          9,
          9,
          9,
          20,
          null,
          null,
          1,
          10,
          10,
          10,
          null,
          null,
          1,
          2,
          2,
          2,
          null,
          null
        ]
      },
      "/Users/lucybennell/Projects/bookmark_manager/spec/features/web_helpers.rb": {
        "lines": [
          1,
          2,
          2,
          2,
          2,
          null
        ]
      },
      "/Users/lucybennell/Projects/bookmark_manager/spec/bookmark_spec.rb": {
        "lines": [
          1,
          null,
          1,
          4,
          null,
          1,
          1,
          null,
          null,
          1,
          1,
          null,
          null,
          1,
          1,
          null,
          null,
          1,
          null,
          1,
          1,
          1,
          null,
          1,
          null,
          1,
          1,
          1,
          null,
          1,
          null,
          null,
          1,
          1,
          1,
          1,
          1,
          1,
          null,
          1,
          null,
          null,
          1,
          1,
          1,
          4,
          null,
          null
        ]
      },
      "/Users/lucybennell/Projects/bookmark_manager/spec/features/features_spec.rb": {
        "lines": [
          1,
          null,
          1,
          null,
          1,
          null,
          1,
          1,
          1,
          null,
          1,
          1,
          1,
          1,
          null,
          null,
          1,
          1,
          1,
          null,
          null,
          1,
          1,
          1,
          null,
          1,
          1,
          null,
          null
        ]
      }
    },
    "timestamp": 1605800802
  }
}
